SF:lib/data/data_source/clients/http_client.dart
DA:8,0
DA:10,0
DA:11,0
LF:3
LH:0
end_of_record
SF:lib/data/data_source/product/produtct_remote_datasource_impl.dart
DA:14,1
DA:17,1
DA:19,4
DA:20,2
DA:21,7
DA:23,1
DA:24,1
DA:25,2
DA:26,2
LF:9
LH:9
end_of_record
SF:lib/domain/entities/response/response_list.dart
DA:5,5
DA:12,5
LF:2
LH:2
end_of_record
SF:lib/domain/entities/product/product_entity.dart
DA:5,8
DA:19,8
DA:40,8
LF:3
LH:3
end_of_record
SF:lib/infra/theme/default_theme.dart
DA:5,9
LF:1
LH:1
end_of_record
SF:lib/presentation/page-navigator/screens/market/widget/product_action_button.dart
DA:11,4
DA:15,4
DA:17,4
DA:19,11
DA:20,1
DA:21,2
DA:22,2
DA:23,3
DA:25,4
DA:27,9
LF:10
LH:10
end_of_record
SF:lib/presentation/page-navigator/screens/market/widget/product_action_short_button.dart
DA:11,4
DA:17,4
DA:19,4
DA:21,4
DA:23,4
DA:24,4
DA:25,4
DA:26,4
DA:27,4
DA:28,4
DA:29,4
DA:32,4
DA:33,4
DA:34,4
LF:14
LH:14
end_of_record
SF:lib/presentation/page-navigator/screens/market/widget/product_action_full_button.dart
DA:12,1
DA:17,1
DA:19,1
DA:21,1
DA:22,1
DA:23,1
DA:24,1
DA:25,3
DA:27,1
DA:28,1
DA:29,1
DA:30,2
DA:31,3
DA:35,1
DA:36,3
DA:37,4
DA:38,3
DA:42,1
DA:43,2
DA:44,3
DA:46,3
DA:53,1
DA:54,2
DA:55,4
DA:59,1
DA:60,3
DA:61,4
LF:27
LH:27
end_of_record
SF:lib/presentation/shared/spacers/pacers.dart
DA:5,6
DA:6,2
DA:7,0
DA:11,9
DA:12,2
DA:13,0
LF:6
LH:4
end_of_record
SF:lib/data/models/products/products_model.g.dart
DA:9,2
DA:10,1
DA:11,2
DA:14,0
DA:15,0
DA:16,0
DA:17,0
DA:20,1
DA:21,1
DA:22,2
DA:23,2
DA:24,2
DA:25,2
DA:26,2
DA:27,2
DA:30,0
DA:32,0
DA:33,0
DA:34,0
DA:35,0
DA:36,0
DA:37,0
DA:38,0
DA:41,2
DA:42,1
DA:43,1
DA:44,1
DA:45,2
DA:46,1
DA:47,1
DA:48,1
DA:49,1
DA:51,2
DA:54,0
DA:55,0
DA:56,0
DA:57,0
DA:58,0
DA:59,0
DA:60,0
DA:61,0
DA:62,0
DA:63,0
LF:43
LH:21
end_of_record
SF:lib/data/models/products/products_model.dart
DA:16,1
DA:17,1
DA:22,2
DA:23,0
DA:24,0
DA:25,0
DA:48,1
DA:55,1
DA:64,2
DA:65,0
DA:66,0
DA:67,0
DA:93,1
DA:102,1
DA:113,2
DA:114,0
DA:115,0
DA:116,2
LF:18
LH:10
end_of_record
SF:lib/data/models/products/products_mapper.dart
DA:4,0
DA:5,0
DA:6,0
DA:7,0
DA:11,1
DA:12,1
DA:13,1
DA:14,1
DA:18,0
DA:19,0
DA:20,0
DA:21,0
DA:22,0
DA:23,0
DA:24,0
DA:25,0
DA:29,1
DA:30,1
DA:31,2
DA:32,2
DA:33,2
DA:34,2
DA:35,2
DA:36,2
DA:40,0
DA:41,0
DA:42,0
DA:43,0
DA:44,0
DA:45,0
DA:46,0
DA:47,0
DA:48,0
DA:50,0
DA:54,1
DA:55,1
DA:56,1
DA:57,1
DA:58,1
DA:59,1
DA:60,1
DA:61,1
DA:62,1
DA:64,3
LF:44
LH:22
end_of_record
SF:lib/data/repositories/product/product_repository_impl.dart
DA:13,1
DA:16,1
DA:18,3
DA:19,1
DA:21,2
LF:5
LH:5
end_of_record
SF:lib/infra/failure/failure.dart
DA:5,3
LF:1
LH:1
end_of_record
SF:lib/domain/use-cases/product/get_products.dart
DA:12,1
DA:14,1
DA:15,2
LF:3
LH:3
end_of_record
SF:lib/presentation/page-navigator/controller/page_navigator_controller.dart
DA:14,2
DA:16,2
LF:2
LH:2
end_of_record
SF:lib/presentation/page-navigator/controller/page_navigator_controller.g.dart
DA:12,2
DA:13,4
DA:15,2
DA:17,4
DA:18,2
DA:21,2
DA:23,8
DA:24,2
DA:28,2
DA:29,4
DA:31,2
DA:33,2
DA:34,2
DA:36,2
DA:38,4
DA:42,0
DA:45,0
DA:46,0
LF:18
LH:15
end_of_record
SF:lib/presentation/app/app_config.dart
DA:9,2
DA:11,2
DA:15,2
DA:16,2
DA:19,2
DA:24,2
LF:6
LH:6
end_of_record
SF:lib/presentation/page-navigator/screens/market/controller/market_controller.g.dart
DA:12,2
DA:13,4
DA:15,0
DA:17,0
DA:18,0
DA:21,2
DA:23,8
DA:24,2
DA:28,2
DA:29,4
DA:31,2
DA:33,4
DA:34,2
DA:37,2
DA:39,8
DA:40,2
DA:44,2
DA:45,4
DA:47,2
DA:49,4
DA:50,2
DA:53,0
DA:55,0
DA:56,0
DA:60,2
DA:61,4
DA:63,2
DA:65,8
DA:68,0
DA:71,0
DA:72,0
DA:73,0
DA:74,0
LF:33
LH:22
end_of_record
SF:lib/presentation/page-navigator/screens/market/controller/market_controller.dart
DA:16,2
DA:27,2
DA:28,4
DA:29,4
DA:31,0
DA:35,2
DA:36,2
DA:39,2
DA:40,4
DA:41,4
DA:45,2
DA:46,8
DA:47,10
LF:13
LH:12
end_of_record
SF:lib/infra/i18n/i18n_helper.dart
DA:5,3
DA:11,0
DA:13,6
DA:21,1
DA:22,1
DA:25,1
DA:27,2
DA:29,2
DA:36,1
DA:37,1
DA:40,1
DA:42,2
DA:44,3
LF:13
LH:12
end_of_record
SF:lib/presentation/page-navigator/screens/market/widget/product_price_action.dart
DA:10,3
DA:14,3
DA:15,3
DA:18,3
DA:20,3
DA:21,3
DA:22,3
DA:24,3
DA:25,3
DA:26,6
DA:27,12
DA:29,3
DA:32,3
DA:33,3
DA:34,12
DA:35,9
DA:37,3
DA:38,3
DA:39,12
DA:46,3
DA:47,3
DA:48,3
DA:54,3
DA:55,9
DA:56,3
DA:59,3
DA:60,9
DA:61,9
DA:62,6
LF:29
LH:29
end_of_record
SF:lib/data/data_source/clients/third_modules.dart
DA:7,0
DA:8,0
DA:10,0
DA:11,0
LF:4
LH:0
end_of_record
SF:lib/di/injectable.config.dart
DA:27,0
DA:29,0
DA:30,0
DA:31,0
DA:32,0
DA:33,0
DA:34,0
DA:35,0
DA:36,0
DA:37,0
DA:38,0
DA:39,0
DA:40,0
DA:41,0
DA:42,0
LF:15
LH:0
end_of_record
SF:lib/di/injectable.dart
DA:8,6
DA:15,0
DA:16,0
DA:17,0
LF:4
LH:1
end_of_record
SF:lib/presentation/page-navigator/screens/market/widget/product_grid_item.dart
DA:17,2
DA:22,2
DA:24,2
DA:26,2
DA:27,2
DA:28,4
DA:36,2
DA:37,2
DA:38,2
DA:39,4
DA:40,2
DA:45,6
DA:48,2
DA:49,4
DA:50,4
DA:51,2
DA:52,1
DA:53,1
DA:59,4
DA:60,2
DA:63,2
DA:64,8
DA:68,1
DA:71,2
DA:72,4
DA:75,2
DA:76,6
DA:82,2
DA:84,2
DA:85,2
DA:86,4
DA:87,6
DA:92,2
DA:93,2
DA:94,2
LF:35
LH:35
end_of_record
SF:lib/presentation/page-navigator/screens/market/widget/product_image_error.dart
DA:4,4
DA:6,1
DA:8,1
LF:3
LH:3
end_of_record
SF:lib/presentation/page-navigator/screens/market/market_screen.dart
DA:14,2
DA:16,1
DA:17,1
DA:24,1
DA:26,1
DA:27,1
DA:28,3
DA:29,2
DA:33,1
DA:35,1
DA:36,1
DA:37,1
DA:38,1
DA:39,1
DA:42,0
DA:46,1
DA:48,1
DA:50,2
DA:51,1
DA:52,1
DA:53,2
DA:54,1
DA:55,0
LF:23
LH:21
end_of_record
SF:lib/infra/theme/app_icons.dart
DA:11,0
LF:1
LH:0
end_of_record
SF:lib/presentation/shared/buttons/custom_action_button.dart
DA:12,1
DA:19,1
DA:21,2
DA:23,1
DA:25,1
DA:26,1
DA:27,1
DA:29,1
DA:31,1
DA:32,1
DA:33,1
DA:34,1
DA:35,1
DA:36,3
DA:37,1
DA:39,1
DA:41,2
DA:47,1
DA:48,1
DA:50,1
DA:52,1
DA:53,1
DA:54,1
DA:56,1
DA:57,1
DA:58,5
LF:26
LH:26
end_of_record
SF:lib/presentation/shared/header/app_header.dart
DA:8,2
DA:10,1
DA:12,1
DA:13,1
DA:14,1
DA:15,1
DA:16,1
DA:17,3
DA:20,2
DA:22,1
LF:10
LH:10
end_of_record
SF:lib/presentation/page-navigator/screens/market/widget/market_product_list.dart
DA:11,1
DA:16,1
DA:18,1
DA:20,2
DA:21,1
DA:28,1
DA:29,1
DA:30,2
DA:32,3
DA:33,1
DA:36,1
LF:11
LH:11
end_of_record
SF:lib/presentation/page-navigator/page-navigator.dart
DA:17,2
DA:18,1
DA:23,1
DA:25,2
DA:26,1
DA:27,1
DA:29,3
DA:30,1
DA:31,3
DA:32,4
DA:35,4
DA:41,3
DA:42,3
DA:47,3
DA:48,1
DA:49,2
DA:50,2
DA:51,2
DA:52,2
DA:56,3
DA:61,1
DA:62,1
DA:69,1
DA:70,3
DA:71,1
DA:74,1
DA:75,1
LF:27
LH:27
end_of_record
SF:lib/presentation/page-navigator/screens/favorite/favorite_screen.dart
DA:4,1
DA:6,1
DA:8,1
LF:3
LH:3
end_of_record
SF:lib/presentation/page-navigator/screens/invoice/invoice_screen.dart
DA:4,1
DA:6,1
DA:8,1
LF:3
LH:3
end_of_record
SF:lib/presentation/page-navigator/screens/profile/profile_screen.dart
DA:4,1
DA:6,1
DA:8,1
LF:3
LH:3
end_of_record
