SF:lib/data/data_source/clients/http_client.dart
DA:8,0
DA:10,0
DA:11,0
LF:3
LH:0
end_of_record
SF:lib/data/data_source/product/produtct_remote_datasource_impl.dart
DA:14,1
DA:17,1
DA:19,4
DA:20,2
DA:21,7
DA:22,1
DA:23,1
DA:24,2
DA:25,2
LF:9
LH:9
end_of_record
SF:lib/domain/entities/response/response_list.dart
DA:5,3
DA:12,3
LF:2
LH:2
end_of_record
SF:lib/domain/entities/product/product_entity.dart
DA:5,3
DA:19,3
DA:39,3
LF:3
LH:3
end_of_record
SF:lib/data/models/products/products_model.g.dart
DA:9,2
DA:10,1
DA:11,2
DA:14,0
DA:15,0
DA:16,0
DA:17,0
DA:20,1
DA:21,1
DA:22,2
DA:23,2
DA:24,2
DA:25,2
DA:26,2
DA:27,2
DA:30,0
DA:32,0
DA:33,0
DA:34,0
DA:35,0
DA:36,0
DA:37,0
DA:38,0
DA:41,2
DA:42,1
DA:43,1
DA:44,1
DA:45,2
DA:46,1
DA:47,1
DA:48,2
DA:49,1
DA:51,2
DA:54,0
DA:55,0
DA:56,0
DA:57,0
DA:58,0
DA:59,0
DA:60,0
DA:61,0
DA:62,0
DA:63,0
LF:43
LH:21
end_of_record
SF:lib/data/models/products/products_model.dart
DA:16,1
DA:17,1
DA:22,2
DA:23,0
DA:24,0
DA:25,0
DA:48,1
DA:55,1
DA:64,2
DA:65,0
DA:66,0
DA:67,0
DA:93,1
DA:102,1
DA:113,2
DA:114,0
DA:115,0
DA:116,2
LF:18
LH:10
end_of_record
SF:lib/data/models/products/products_mapper.dart
DA:4,0
DA:5,0
DA:6,0
DA:7,0
DA:11,1
DA:12,1
DA:13,1
DA:14,1
DA:18,0
DA:19,0
DA:20,0
DA:21,0
DA:22,0
DA:23,0
DA:24,0
DA:25,0
DA:29,1
DA:30,1
DA:31,2
DA:32,2
DA:33,2
DA:34,2
DA:35,2
DA:36,2
DA:40,0
DA:41,0
DA:42,0
DA:43,0
DA:44,0
DA:45,0
DA:46,0
DA:47,0
DA:48,0
DA:50,0
DA:54,1
DA:55,1
DA:56,1
DA:57,1
DA:58,1
DA:59,1
DA:60,1
DA:61,1
DA:62,1
DA:64,3
LF:44
LH:22
end_of_record
SF:lib/data/repositories/product/product_repository_impl.dart
DA:12,1
DA:15,1
DA:17,3
DA:18,1
DA:20,2
LF:5
LH:5
end_of_record
SF:lib/infra/failure/failure.dart
DA:5,2
LF:1
LH:1
end_of_record
SF:lib/domain/use-cases/product/get_products.dart
DA:11,1
DA:13,1
DA:14,2
LF:3
LH:3
end_of_record
